2024-06-30T19:57:08+00:00 DEBUG Tt4b_Pixel_Class::inject_view_content_event: hit ViewContent
2024-06-30T19:57:08+00:00 DEBUG Tt4b_Pixel_Class::inject_view_content_event: Missing option "access_token"
2024-06-30T20:06:41+00:00 DEBUG Tt4b_Pixel_Class::inject_view_content_event: hit ViewContent
2024-06-30T20:06:41+00:00 DEBUG Tt4b_Pixel_Class::inject_view_content_event: Missing option "access_token"
2024-06-30T20:26:08+00:00 DEBUG Tt4b_Pixel_Class::inject_view_content_event: hit ViewContent
2024-06-30T20:26:08+00:00 DEBUG Tt4b_Pixel_Class::inject_view_content_event: Missing option "access_token"
2024-06-30T20:26:30+00:00 DEBUG Tt4b_Pixel_Class::inject_add_to_cart_event: hit AddToCart
2024-06-30T20:26:30+00:00 DEBUG Tt4b_Pixel_Class::inject_add_to_cart_event: Missing option "access_token"
2024-06-30T20:26:30+00:00 DEBUG Tt4b_Pixel_Class::inject_view_content_event: hit ViewContent
2024-06-30T20:26:30+00:00 DEBUG Tt4b_Pixel_Class::inject_view_content_event: Missing option "access_token"
2024-06-30T20:26:39+00:00 DEBUG Tt4b_Pixel_Class::inject_initiate_checkout_event: hit InitiateCheckout
2024-06-30T20:26:39+00:00 DEBUG Tt4b_Pixel_Class::inject_initiate_checkout_event: Missing option "access_token"
2024-06-30T20:26:46+00:00 DEBUG Tt4b_Pixel_Class::inject_initiate_checkout_event: hit InitiateCheckout
2024-06-30T20:26:46+00:00 DEBUG Tt4b_Pixel_Class::inject_initiate_checkout_event: Missing option "access_token"
2024-06-30T20:29:55+00:00 DEBUG Tt4b_Pixel_Class::inject_initiate_checkout_event: hit InitiateCheckout
2024-06-30T20:29:55+00:00 DEBUG Tt4b_Pixel_Class::inject_initiate_checkout_event: Missing option "access_token"
2024-06-30T20:31:35+00:00 DEBUG Tt4b_Pixel_Class::inject_initiate_checkout_event: hit InitiateCheckout
2024-06-30T20:31:35+00:00 DEBUG Tt4b_Pixel_Class::inject_initiate_checkout_event: Missing option "access_token"
2024-06-30T20:36:03+00:00 DEBUG Tt4b_Pixel_Class::inject_view_content_event: hit ViewContent
2024-06-30T20:36:03+00:00 DEBUG Tt4b_Pixel_Class::inject_view_content_event: Missing option "access_token"
2024-06-30T20:37:30+00:00 DEBUG Tt4b_Pixel_Class::inject_initiate_checkout_event: hit InitiateCheckout
2024-06-30T20:37:30+00:00 DEBUG Tt4b_Pixel_Class::inject_initiate_checkout_event: Missing option "access_token"
2024-06-30T20:40:11+00:00 DEBUG Tt4b_Pixel_Class::inject_view_content_event: hit ViewContent
2024-06-30T20:40:12+00:00 DEBUG Tt4b_Pixel_Class::inject_view_content_event: Missing option "access_token"
2024-06-30T20:54:20+00:00 DEBUG Tt4b_Pixel_Class::inject_view_content_event: hit ViewContent
2024-06-30T20:54:20+00:00 DEBUG Tt4b_Pixel_Class::inject_view_content_event: Missing option "access_token"
2024-06-30T21:29:47+00:00 DEBUG Tt4b_Pixel_Class::inject_view_content_event: hit ViewContent
2024-06-30T21:29:47+00:00 DEBUG Tt4b_Pixel_Class::inject_view_content_event: Missing option "access_token"
2024-06-30T21:30:35+00:00 DEBUG Tt4b_Pixel_Class::inject_initiate_checkout_event: hit InitiateCheckout
2024-06-30T21:30:35+00:00 DEBUG Tt4b_Pixel_Class::inject_initiate_checkout_event: Missing option "access_token"
2024-06-30T21:36:18+00:00 DEBUG tt4b_product_delete: missing access token for tt4b_product_sync
2024-06-30T21:36:18+00:00 DEBUG tt4b_product_delete: missing access token for tt4b_product_sync
2024-06-30T21:36:18+00:00 DEBUG tt4b_product_delete: missing access token for tt4b_product_sync
2024-06-30T21:36:18+00:00 DEBUG tt4b_product_delete: missing access token for tt4b_product_sync
2024-06-30T21:36:18+00:00 DEBUG tt4b_product_delete: missing access token for tt4b_product_sync
2024-06-30T21:36:18+00:00 DEBUG tt4b_product_delete: missing access token for tt4b_product_sync
2024-06-30T21:41:09+00:00 DEBUG Tt4b_Pixel_Class::inject_view_content_event: hit ViewContent
2024-06-30T21:41:09+00:00 DEBUG Tt4b_Pixel_Class::inject_view_content_event: Missing option "access_token"
2024-06-30T22:03:03+00:00 DEBUG Tt4b_Pixel_Class::inject_view_content_event: hit ViewContent
2024-06-30T22:03:03+00:00 DEBUG Tt4b_Pixel_Class::inject_view_content_event: Missing option "access_token"
2024-06-30T22:07:20+00:00 DEBUG Tt4b_Pixel_Class::inject_view_content_event: hit ViewContent
2024-06-30T22:07:20+00:00 DEBUG Tt4b_Pixel_Class::inject_view_content_event: Missing option "access_token"
2024-06-30T22:07:57+00:00 DEBUG Tt4b_Pixel_Class::inject_view_content_event: hit ViewContent
2024-06-30T22:07:57+00:00 DEBUG Tt4b_Pixel_Class::inject_view_content_event: Missing option "access_token"
2024-06-30T22:16:50+00:00 DEBUG tt4b_product_delete: missing access token for tt4b_product_sync
2024-06-30T22:16:50+00:00 DEBUG tt4b_product_delete: missing access token for tt4b_product_sync
2024-06-30T22:17:04+00:00 DEBUG tt4b_product_delete: missing access token for tt4b_product_sync
2024-06-30T22:17:04+00:00 DEBUG tt4b_product_delete: missing access token for tt4b_product_sync
2024-06-30T22:18:00+00:00 DEBUG tt4b_product_delete: missing access token for tt4b_product_sync
2024-06-30T22:18:00+00:00 DEBUG tt4b_product_delete: missing access token for tt4b_product_sync
2024-06-30T22:18:09+00:00 DEBUG tt4b_product_delete: missing access token for tt4b_product_sync
2024-06-30T22:18:09+00:00 DEBUG tt4b_product_delete: missing access token for tt4b_product_sync
2024-06-30T22:18:18+00:00 DEBUG tt4b_product_delete: missing access token for tt4b_product_sync
2024-06-30T22:18:18+00:00 DEBUG tt4b_product_delete: missing access token for tt4b_product_sync
2024-06-30T22:18:26+00:00 DEBUG tt4b_product_delete: missing access token for tt4b_product_sync
2024-06-30T22:18:26+00:00 DEBUG tt4b_product_delete: missing access token for tt4b_product_sync
2024-06-30T22:18:35+00:00 DEBUG tt4b_product_delete: missing access token for tt4b_product_sync
2024-06-30T22:18:35+00:00 DEBUG tt4b_product_delete: missing access token for tt4b_product_sync
2024-06-30T22:18:44+00:00 DEBUG tt4b_product_delete: missing access token for tt4b_product_sync
2024-06-30T22:18:44+00:00 DEBUG tt4b_product_delete: missing access token for tt4b_product_sync
2024-06-30T22:18:51+00:00 DEBUG tt4b_product_delete: missing access token for tt4b_product_sync
2024-06-30T22:18:51+00:00 DEBUG tt4b_product_delete: missing access token for tt4b_product_sync
2024-06-30T22:19:00+00:00 DEBUG tt4b_product_delete: missing access token for tt4b_product_sync
2024-06-30T22:19:00+00:00 DEBUG tt4b_product_delete: missing access token for tt4b_product_sync
2024-06-30T22:19:10+00:00 DEBUG tt4b_product_delete: missing access token for tt4b_product_sync
2024-06-30T22:19:10+00:00 DEBUG tt4b_product_delete: missing access token for tt4b_product_sync
2024-06-30T22:19:19+00:00 DEBUG tt4b_product_delete: missing access token for tt4b_product_sync
2024-06-30T22:19:19+00:00 DEBUG tt4b_product_delete: missing access token for tt4b_product_sync
2024-06-30T22:19:27+00:00 DEBUG tt4b_product_delete: missing access token for tt4b_product_sync
2024-06-30T22:19:27+00:00 DEBUG tt4b_product_delete: missing access token for tt4b_product_sync
2024-06-30T22:19:34+00:00 DEBUG tt4b_product_delete: missing access token for tt4b_product_sync
2024-06-30T22:19:34+00:00 DEBUG tt4b_product_delete: missing access token for tt4b_product_sync
2024-06-30T22:21:01+00:00 DEBUG tt4b_product_delete: missing access token for tt4b_product_sync
2024-06-30T22:21:01+00:00 DEBUG tt4b_product_delete: missing access token for tt4b_product_sync
2024-06-30T22:21:09+00:00 DEBUG tt4b_product_delete: missing access token for tt4b_product_sync
2024-06-30T22:21:09+00:00 DEBUG tt4b_product_delete: missing access token for tt4b_product_sync
2024-06-30T22:21:16+00:00 DEBUG tt4b_product_delete: missing access token for tt4b_product_sync
2024-06-30T22:21:16+00:00 DEBUG tt4b_product_delete: missing access token for tt4b_product_sync
2024-06-30T22:21:24+00:00 DEBUG tt4b_product_delete: missing access token for tt4b_product_sync
2024-06-30T22:21:24+00:00 DEBUG tt4b_product_delete: missing access token for tt4b_product_sync
2024-06-30T22:21:44+00:00 DEBUG tt4b_product_delete: missing access token for tt4b_product_sync
2024-06-30T22:21:44+00:00 DEBUG tt4b_product_delete: missing access token for tt4b_product_sync
2024-06-30T22:21:52+00:00 DEBUG tt4b_product_delete: missing access token for tt4b_product_sync
2024-06-30T22:21:52+00:00 DEBUG tt4b_product_delete: missing access token for tt4b_product_sync
2024-06-30T22:21:59+00:00 DEBUG tt4b_product_delete: missing access token for tt4b_product_sync
2024-06-30T22:21:59+00:00 DEBUG tt4b_product_delete: missing access token for tt4b_product_sync
2024-06-30T22:22:07+00:00 DEBUG tt4b_product_delete: missing access token for tt4b_product_sync
2024-06-30T22:22:07+00:00 DEBUG tt4b_product_delete: missing access token for tt4b_product_sync
2024-06-30T22:22:16+00:00 DEBUG tt4b_product_delete: missing access token for tt4b_product_sync
2024-06-30T22:22:16+00:00 DEBUG tt4b_product_delete: missing access token for tt4b_product_sync
2024-06-30T22:22:23+00:00 DEBUG tt4b_product_delete: missing access token for tt4b_product_sync
2024-06-30T22:22:23+00:00 DEBUG tt4b_product_delete: missing access token for tt4b_product_sync
2024-06-30T22:22:31+00:00 DEBUG tt4b_product_delete: missing access token for tt4b_product_sync
2024-06-30T22:22:31+00:00 DEBUG tt4b_product_delete: missing access token for tt4b_product_sync
2024-06-30T22:22:40+00:00 DEBUG tt4b_product_delete: missing access token for tt4b_product_sync
2024-06-30T22:22:40+00:00 DEBUG tt4b_product_delete: missing access token for tt4b_product_sync
2024-06-30T22:22:47+00:00 DEBUG tt4b_product_delete: missing access token for tt4b_product_sync
2024-06-30T22:22:47+00:00 DEBUG tt4b_product_delete: missing access token for tt4b_product_sync
2024-06-30T22:22:54+00:00 DEBUG tt4b_product_delete: missing access token for tt4b_product_sync
2024-06-30T22:22:54+00:00 DEBUG tt4b_product_delete: missing access token for tt4b_product_sync
2024-06-30T22:23:02+00:00 DEBUG tt4b_product_delete: missing access token for tt4b_product_sync
2024-06-30T22:23:02+00:00 DEBUG tt4b_product_delete: missing access token for tt4b_product_sync
2024-06-30T22:23:10+00:00 DEBUG tt4b_product_delete: missing access token for tt4b_product_sync
2024-06-30T22:23:10+00:00 DEBUG tt4b_product_delete: missing access token for tt4b_product_sync
2024-06-30T22:27:05+00:00 DEBUG Tt4b_Pixel_Class::inject_view_content_event: hit ViewContent
2024-06-30T22:27:05+00:00 DEBUG Tt4b_Pixel_Class::inject_view_content_event: Missing option "access_token"
2024-06-30T22:35:50+00:00 DEBUG Tt4b_Pixel_Class::inject_view_content_event: hit ViewContent
2024-06-30T22:35:50+00:00 DEBUG Tt4b_Pixel_Class::inject_view_content_event: Missing option "access_token"
2024-06-30T22:42:02+00:00 DEBUG Tt4b_Pixel_Class::inject_view_content_event: hit ViewContent
2024-06-30T22:42:02+00:00 DEBUG Tt4b_Pixel_Class::inject_view_content_event: Missing option "access_token"
2024-06-30T22:48:48+00:00 DEBUG Tt4b_Pixel_Class::inject_view_content_event: hit ViewContent
2024-06-30T22:48:48+00:00 DEBUG Tt4b_Pixel_Class::inject_view_content_event: Missing option "access_token"
2024-06-30T22:53:31+00:00 DEBUG Tt4b_Pixel_Class::inject_view_content_event: hit ViewContent
2024-06-30T22:53:31+00:00 DEBUG Tt4b_Pixel_Class::inject_view_content_event: Missing option "access_token"
2024-06-30T23:10:12+00:00 DEBUG Tt4b_Pixel_Class::inject_view_content_event: hit ViewContent
2024-06-30T23:10:12+00:00 DEBUG Tt4b_Pixel_Class::inject_view_content_event: Missing option "access_token"
2024-06-30T23:18:00+00:00 DEBUG tt4b_product_delete: missing access token for tt4b_product_sync
2024-06-30T23:18:00+00:00 DEBUG tt4b_product_delete: missing access token for tt4b_product_sync
2024-06-30T23:19:29+00:00 DEBUG Tt4b_Pixel_Class::inject_view_content_event: hit ViewContent
2024-06-30T23:19:29+00:00 DEBUG Tt4b_Pixel_Class::inject_view_content_event: Missing option "access_token"
2024-06-30T23:21:37+00:00 DEBUG tt4b_product_delete: missing access token for tt4b_product_sync
2024-06-30T23:21:37+00:00 DEBUG tt4b_product_delete: missing access token for tt4b_product_sync
2024-06-30T23:24:40+00:00 DEBUG Tt4b_Pixel_Class::inject_view_content_event: hit ViewContent
2024-06-30T23:24:40+00:00 DEBUG Tt4b_Pixel_Class::inject_view_content_event: Missing option "access_token"
2024-06-30T23:33:31+00:00 DEBUG Tt4b_Pixel_Class::inject_view_content_event: hit ViewContent
2024-06-30T23:33:31+00:00 DEBUG Tt4b_Pixel_Class::inject_view_content_event: Missing option "access_token"
2024-06-30T23:42:50+00:00 DEBUG Tt4b_Pixel_Class::inject_view_content_event: hit ViewContent
2024-06-30T23:42:50+00:00 DEBUG Tt4b_Pixel_Class::inject_view_content_event: Missing option "access_token"
2024-06-30T23:42:59+00:00 DEBUG Tt4b_Pixel_Class::inject_initiate_checkout_event: hit InitiateCheckout
2024-06-30T23:42:59+00:00 DEBUG Tt4b_Pixel_Class::inject_initiate_checkout_event: Missing option "access_token"
2024-06-30T23:46:16+00:00 DEBUG Tt4b_Pixel_Class::inject_view_content_event: hit ViewContent
2024-06-30T23:46:16+00:00 DEBUG Tt4b_Pixel_Class::inject_view_content_event: Missing option "access_token"
2024-06-30T23:46:33+00:00 DEBUG Tt4b_Pixel_Class::inject_add_to_cart_event: hit AddToCart
2024-06-30T23:46:33+00:00 DEBUG Tt4b_Pixel_Class::inject_add_to_cart_event: Missing option "access_token"
2024-06-30T23:46:33+00:00 DEBUG Tt4b_Pixel_Class::inject_view_content_event: hit ViewContent
2024-06-30T23:46:33+00:00 DEBUG Tt4b_Pixel_Class::inject_view_content_event: Missing option "access_token"
2024-06-30T23:46:41+00:00 DEBUG Tt4b_Pixel_Class::inject_initiate_checkout_event: hit InitiateCheckout
2024-06-30T23:46:41+00:00 DEBUG Tt4b_Pixel_Class::inject_initiate_checkout_event: Missing option "access_token"
2024-06-30T23:54:38+00:00 DEBUG Tt4b_Pixel_Class::inject_view_content_event: hit ViewContent
2024-06-30T23:54:38+00:00 DEBUG Tt4b_Pixel_Class::inject_view_content_event: Missing option "access_token"
